<?xml version="1.0" encoding="UTF-8"?>
<testng-results skipped="0" failed="0" ignored="0" total="1" passed="1">
  <reporter-output>
  </reporter-output>
  <suite name="Default suite" duration-ms="26805" started-at="2018-05-27T08:55:40Z" finished-at="2018-05-27T08:56:07Z">
    <groups>
    </groups>
    <test name="Default test" duration-ms="26805" started-at="2018-05-27T08:55:40Z" finished-at="2018-05-27T08:56:07Z">
      <class name="testCase.TC001_Signup">
        <test-method status="PASS" signature="beforeSuite()[pri:0, instance:testCase.TC001_Signup@1213b92]" name="beforeSuite" is-config="true" duration-ms="1758" started-at="2018-05-27T08:55:38Z" finished-at="2018-05-27T08:55:40Z">
          <reporter-output>
          </reporter-output>
        </test-method> <!-- beforeSuite -->
        <test-method status="PASS" signature="setData()[pri:0, instance:testCase.TC001_Signup@1213b92]" name="setData" is-config="true" duration-ms="0" started-at="2018-05-27T08:55:40Z" finished-at="2018-05-27T08:55:40Z">
          <reporter-output>
          </reporter-output>
        </test-method> <!-- setData -->
        <test-method status="PASS" signature="beforeClass()[pri:0, instance:testCase.TC001_Signup@1213b92]" name="beforeClass" is-config="true" duration-ms="1" started-at="2018-05-27T08:55:40Z" finished-at="2018-05-27T08:55:40Z">
          <reporter-output>
          </reporter-output>
        </test-method> <!-- beforeClass -->
        <test-method status="PASS" signature="beforeMethod()[pri:0, instance:testCase.TC001_Signup@1213b92]" name="beforeMethod" is-config="true" duration-ms="17059" started-at="2018-05-27T08:55:40Z" finished-at="2018-05-27T08:55:57Z">
          <reporter-output>
          </reporter-output>
        </test-method> <!-- beforeMethod -->
        <test-method status="PASS" signature="InitaiateSignup()[pri:0, instance:testCase.TC001_Signup@1213b92]" name="InitaiateSignup" duration-ms="8738" started-at="2018-05-27T08:55:57Z" finished-at="2018-05-27T08:56:06Z">
          <reporter-output>
          </reporter-output>
        </test-method> <!-- InitaiateSignup -->
        <test-method status="PASS" signature="afterMethod()[pri:0, instance:testCase.TC001_Signup@1213b92]" name="afterMethod" is-config="true" duration-ms="948" started-at="2018-05-27T08:56:06Z" finished-at="2018-05-27T08:56:07Z">
          <reporter-output>
          </reporter-output>
        </test-method> <!-- afterMethod -->
        <test-method status="PASS" signature="afterTest()[pri:0, instance:testCase.TC001_Signup@1213b92]" name="afterTest" is-config="true" duration-ms="0" started-at="2018-05-27T08:56:07Z" finished-at="2018-05-27T08:56:07Z">
          <reporter-output>
          </reporter-output>
        </test-method> <!-- afterTest -->
        <test-method status="PASS" signature="afterSuite()[pri:0, instance:testCase.TC001_Signup@1213b92]" name="afterSuite" is-config="true" duration-ms="2851" started-at="2018-05-27T08:56:07Z" finished-at="2018-05-27T08:56:10Z">
          <reporter-output>
          </reporter-output>
        </test-method> <!-- afterSuite -->
      </class> <!-- testCase.TC001_Signup -->
    </test> <!-- Default test -->
  </suite> <!-- Default suite -->
</testng-results>
